2021-11-10 10:53:27.267  INFO 11532 --- [main] com.api.sportyShoes.SportyShoes          : Starting SportyShoes on mcgl-7822 with PID 11532 (C:\Users\ashutosh.dubey\eclipse-workspace\E-commerce-Website-for-Sporty-Shoes-master\sporty_shoes\target\classes started by ashutosh.dubey in C:\Users\ashutosh.dubey\eclipse-workspace\E-commerce-Website-for-Sporty-Shoes-master\sporty_shoes)
2021-11-10 10:53:27.274  INFO 11532 --- [main] com.api.sportyShoes.SportyShoes          : No active profile set, falling back to default profiles: default
2021-11-10 10:53:28.107  INFO 11532 --- [main] .s.d.r.c.RepositoryConfigurationDelegate : Bootstrapping Spring Data JPA repositories in DEFAULT mode.
2021-11-10 10:53:28.188  INFO 11532 --- [main] .s.d.r.c.RepositoryConfigurationDelegate : Finished Spring Data repository scanning in 55ms. Found 2 JPA repository interfaces.
2021-11-10 10:53:28.794  INFO 11532 --- [main] o.s.b.w.embedded.tomcat.TomcatWebServer  : Tomcat initialized with port(s): 4000 (http)
2021-11-10 10:53:28.804  INFO 11532 --- [main] o.apache.catalina.core.StandardService   : Starting service [Tomcat]
2021-11-10 10:53:28.805  INFO 11532 --- [main] org.apache.catalina.core.StandardEngine  : Starting Servlet engine: [Apache Tomcat/9.0.38]
2021-11-10 10:53:28.923  INFO 11532 --- [main] o.a.c.c.C.[Tomcat].[localhost].[/]       : Initializing Spring embedded WebApplicationContext
2021-11-10 10:53:28.923  INFO 11532 --- [main] w.s.c.ServletWebServerApplicationContext : Root WebApplicationContext: initialization completed in 1600 ms
2021-11-10 10:53:28.965  INFO 11532 --- [main] com.zaxxer.hikari.HikariDataSource       : HikariPool-1 - Starting...
2021-11-10 10:53:29.162  INFO 11532 --- [main] com.zaxxer.hikari.HikariDataSource       : HikariPool-1 - Start completed.
2021-11-10 10:53:29.170  INFO 11532 --- [main] o.s.b.a.h2.H2ConsoleAutoConfiguration    : H2 console available at '/h2'. Database available at 'jdbc:h2:mem:testdb'
2021-11-10 10:53:29.347  INFO 11532 --- [main] o.hibernate.jpa.internal.util.LogHelper  : HHH000204: Processing PersistenceUnitInfo [name: default]
2021-11-10 10:53:29.390  INFO 11532 --- [main] org.hibernate.Version                    : HHH000412: Hibernate ORM core version 5.4.21.Final
2021-11-10 10:53:29.506  INFO 11532 --- [main] o.hibernate.annotations.common.Version   : HCANN000001: Hibernate Commons Annotations {5.1.0.Final}
2021-11-10 10:53:29.612  INFO 11532 --- [main] org.hibernate.dialect.Dialect            : HHH000400: Using dialect: org.hibernate.dialect.H2Dialect
2021-11-10 10:53:30.149  INFO 11532 --- [main] o.h.e.t.j.p.i.JtaPlatformInitiator       : HHH000490: Using JtaPlatform implementation: [org.hibernate.engine.transaction.jta.platform.internal.NoJtaPlatform]
2021-11-10 10:53:30.164  INFO 11532 --- [main] j.LocalContainerEntityManagerFactoryBean : Initialized JPA EntityManagerFactory for persistence unit 'default'
2021-11-10 10:53:30.207  WARN 11532 --- [main] JpaBaseConfiguration$JpaWebConfiguration : spring.jpa.open-in-view is enabled by default. Therefore, database queries may be performed during view rendering. Explicitly configure spring.jpa.open-in-view to disable this warning
2021-11-10 10:53:30.932  INFO 11532 --- [main] o.s.s.web.DefaultSecurityFilterChain     : Creating filter chain: any request, [org.springframework.security.web.context.request.async.WebAsyncManagerIntegrationFilter@2111d7b9, org.springframework.security.web.context.SecurityContextPersistenceFilter@6a906078, org.springframework.security.web.header.HeaderWriterFilter@79080255, org.springframework.security.web.authentication.logout.LogoutFilter@18d09283, org.springframework.security.web.authentication.www.BasicAuthenticationFilter@9771c71, org.springframework.security.web.savedrequest.RequestCacheAwareFilter@3724ab90, org.springframework.security.web.servletapi.SecurityContextHolderAwareRequestFilter@62977afb, org.springframework.security.web.authentication.AnonymousAuthenticationFilter@7a023e34, org.springframework.security.web.session.SessionManagementFilter@7be86438, org.springframework.security.web.access.ExceptionTranslationFilter@442151d1, org.springframework.security.web.access.intercept.FilterSecurityInterceptor@4a225014]
2021-11-10 10:53:30.956  INFO 11532 --- [main] pertySourcedRequestMappingHandlerMapping : Mapped URL path [/v2/api-docs] onto method [springfox.documentation.swagger2.web.Swagger2Controller#getDocumentation(String, HttpServletRequest)]
2021-11-10 10:53:31.049  INFO 11532 --- [main] o.s.s.concurrent.ThreadPoolTaskExecutor  : Initializing ExecutorService 'applicationTaskExecutor'
2021-11-10 10:53:31.171  INFO 11532 --- [main] d.s.w.p.DocumentationPluginsBootstrapper : Context refreshed
2021-11-10 10:53:31.185  INFO 11532 --- [main] d.s.w.p.DocumentationPluginsBootstrapper : Found 1 custom documentation plugin(s)
2021-11-10 10:53:31.229  INFO 11532 --- [main] s.d.s.w.s.ApiListingReferenceScanner     : Scanning for api listing references
2021-11-10 10:53:31.458  INFO 11532 --- [main] o.s.b.w.embedded.tomcat.TomcatWebServer  : Tomcat started on port(s): 4000 (http) with context path ''
2021-11-10 10:53:31.460  INFO 11532 --- [main] com.api.sportyShoes.SportyShoes          : Started SportyShoes in 4.534 seconds (JVM running for 4.976)
2021-11-10 10:54:25.909  INFO 11532 --- [http-nio-4000-exec-1] o.a.c.c.C.[Tomcat].[localhost].[/]       : Initializing Spring DispatcherServlet 'dispatcherServlet'
2021-11-10 10:54:25.910  INFO 11532 --- [http-nio-4000-exec-1] o.s.web.servlet.DispatcherServlet        : Initializing Servlet 'dispatcherServlet'
2021-11-10 10:54:25.918  INFO 11532 --- [http-nio-4000-exec-1] o.s.web.servlet.DispatcherServlet        : Completed initialization in 8 ms
2021-11-10 10:54:35.845  WARN 11532 --- [http-nio-4000-exec-4] .w.s.m.s.DefaultHandlerExceptionResolver : Resolved [org.springframework.web.HttpRequestMethodNotSupportedException: Request method 'GET' not supported]
2021-11-10 10:55:46.731  WARN 11532 --- [http-nio-4000-exec-7] .w.s.m.s.DefaultHandlerExceptionResolver : Resolved [org.springframework.web.HttpRequestMethodNotSupportedException: Request method 'POST' not supported]
2021-11-10 11:11:45.525  WARN 11532 --- [http-nio-4000-exec-3] .w.s.m.s.DefaultHandlerExceptionResolver : Resolved [org.springframework.web.HttpRequestMethodNotSupportedException: Request method 'GET' not supported]
2021-11-10 11:18:19.555  WARN 11532 --- [http-nio-4000-exec-8] .w.s.m.s.DefaultHandlerExceptionResolver : Resolved [org.springframework.http.converter.HttpMessageNotReadableException: JSON parse error: Cannot deserialize value of type `java.util.Date` from String "11/09/2021": not a valid representation (error: Failed to parse Date value '11/09/2021': Cannot parse date "11/09/2021": not compatible with any of standard forms ("yyyy-MM-dd'T'HH:mm:ss.SSSZ", "yyyy-MM-dd'T'HH:mm:ss.SSS", "EEE, dd MMM yyyy HH:mm:ss zzz", "yyyy-MM-dd")); nested exception is com.fasterxml.jackson.databind.exc.InvalidFormatException: Cannot deserialize value of type `java.util.Date` from String "11/09/2021": not a valid representation (error: Failed to parse Date value '11/09/2021': Cannot parse date "11/09/2021": not compatible with any of standard forms ("yyyy-MM-dd'T'HH:mm:ss.SSSZ", "yyyy-MM-dd'T'HH:mm:ss.SSS", "EEE, dd MMM yyyy HH:mm:ss zzz", "yyyy-MM-dd"))
 at [Source: (PushbackInputStream); line: 3, column: 9] (through reference chain: com.api.sportyShoes.model.PurchaseReport["dop"])]
2021-11-10 11:18:39.351  WARN 11532 --- [http-nio-4000-exec-10] .w.s.m.s.DefaultHandlerExceptionResolver : Resolved [org.springframework.http.converter.HttpMessageNotReadableException: JSON parse error: Cannot deserialize value of type `java.util.Date` from String "09/11/2021": not a valid representation (error: Failed to parse Date value '09/11/2021': Cannot parse date "09/11/2021": not compatible with any of standard forms ("yyyy-MM-dd'T'HH:mm:ss.SSSZ", "yyyy-MM-dd'T'HH:mm:ss.SSS", "EEE, dd MMM yyyy HH:mm:ss zzz", "yyyy-MM-dd")); nested exception is com.fasterxml.jackson.databind.exc.InvalidFormatException: Cannot deserialize value of type `java.util.Date` from String "09/11/2021": not a valid representation (error: Failed to parse Date value '09/11/2021': Cannot parse date "09/11/2021": not compatible with any of standard forms ("yyyy-MM-dd'T'HH:mm:ss.SSSZ", "yyyy-MM-dd'T'HH:mm:ss.SSS", "EEE, dd MMM yyyy HH:mm:ss zzz", "yyyy-MM-dd"))
 at [Source: (PushbackInputStream); line: 3, column: 9] (through reference chain: com.api.sportyShoes.model.PurchaseReport["dop"])]
2021-11-10 11:19:08.764  WARN 11532 --- [http-nio-4000-exec-9] .w.s.m.s.DefaultHandlerExceptionResolver : Resolved [org.springframework.http.converter.HttpMessageNotReadableException: JSON parse error: Cannot deserialize value of type `java.util.Date` from String "2021/09/11": not a valid representation (error: Failed to parse Date value '2021/09/11': Cannot parse date "2021/09/11": not compatible with any of standard forms ("yyyy-MM-dd'T'HH:mm:ss.SSSZ", "yyyy-MM-dd'T'HH:mm:ss.SSS", "EEE, dd MMM yyyy HH:mm:ss zzz", "yyyy-MM-dd")); nested exception is com.fasterxml.jackson.databind.exc.InvalidFormatException: Cannot deserialize value of type `java.util.Date` from String "2021/09/11": not a valid representation (error: Failed to parse Date value '2021/09/11': Cannot parse date "2021/09/11": not compatible with any of standard forms ("yyyy-MM-dd'T'HH:mm:ss.SSSZ", "yyyy-MM-dd'T'HH:mm:ss.SSS", "EEE, dd MMM yyyy HH:mm:ss zzz", "yyyy-MM-dd"))
 at [Source: (PushbackInputStream); line: 3, column: 9] (through reference chain: com.api.sportyShoes.model.PurchaseReport["dop"])]
2021-11-10 11:21:51.167  WARN 11532 --- [http-nio-4000-exec-1] .w.s.m.s.DefaultHandlerExceptionResolver : Resolved [org.springframework.http.converter.HttpMessageNotReadableException: JSON parse error: Cannot deserialize value of type `java.util.Date` from String "2021/09/11'T'11:25:39.889": not a valid representation (error: Failed to parse Date value '2021/09/11'T'11:25:39.889': Cannot parse date "2021/09/11'T'11:25:39.889": not compatible with any of standard forms ("yyyy-MM-dd'T'HH:mm:ss.SSSZ", "yyyy-MM-dd'T'HH:mm:ss.SSS", "EEE, dd MMM yyyy HH:mm:ss zzz", "yyyy-MM-dd")); nested exception is com.fasterxml.jackson.databind.exc.InvalidFormatException: Cannot deserialize value of type `java.util.Date` from String "2021/09/11'T'11:25:39.889": not a valid representation (error: Failed to parse Date value '2021/09/11'T'11:25:39.889': Cannot parse date "2021/09/11'T'11:25:39.889": not compatible with any of standard forms ("yyyy-MM-dd'T'HH:mm:ss.SSSZ", "yyyy-MM-dd'T'HH:mm:ss.SSS", "EEE, dd MMM yyyy HH:mm:ss zzz", "yyyy-MM-dd"))
 at [Source: (PushbackInputStream); line: 3, column: 9] (through reference chain: com.api.sportyShoes.model.PurchaseReport["dop"])]
2021-11-10 11:22:10.408  WARN 11532 --- [http-nio-4000-exec-2] .w.s.m.s.DefaultHandlerExceptionResolver : Resolved [org.springframework.http.converter.HttpMessageNotReadableException: JSON parse error: Cannot deserialize value of type `java.util.Date` from String "2021/09/11'T'11:25:39.8898": not a valid representation (error: Failed to parse Date value '2021/09/11'T'11:25:39.8898': Cannot parse date "2021/09/11'T'11:25:39.8898": not compatible with any of standard forms ("yyyy-MM-dd'T'HH:mm:ss.SSSZ", "yyyy-MM-dd'T'HH:mm:ss.SSS", "EEE, dd MMM yyyy HH:mm:ss zzz", "yyyy-MM-dd")); nested exception is com.fasterxml.jackson.databind.exc.InvalidFormatException: Cannot deserialize value of type `java.util.Date` from String "2021/09/11'T'11:25:39.8898": not a valid representation (error: Failed to parse Date value '2021/09/11'T'11:25:39.8898': Cannot parse date "2021/09/11'T'11:25:39.8898": not compatible with any of standard forms ("yyyy-MM-dd'T'HH:mm:ss.SSSZ", "yyyy-MM-dd'T'HH:mm:ss.SSS", "EEE, dd MMM yyyy HH:mm:ss zzz", "yyyy-MM-dd"))
 at [Source: (PushbackInputStream); line: 3, column: 9] (through reference chain: com.api.sportyShoes.model.PurchaseReport["dop"])]
2021-11-10 11:28:39.529  WARN 11532 --- [http-nio-4000-exec-4] .w.s.m.s.DefaultHandlerExceptionResolver : Resolved [org.springframework.web.HttpRequestMethodNotSupportedException: Request method 'GET' not supported]
